0 info it worked if it ends with ok
1 verbose cli [ '/home/oem/lib/node-v6.9.4-linux-x64/bin/node',
1 verbose cli   '/home/oem/lib/node-v6.9.4-linux-x64/bin/npm',
1 verbose cli   'run',
1 verbose cli   'start' ]
2 info using npm@3.10.10
3 info using node@v6.9.4
4 verbose stack Error: ENOENT: no such file or directory, open '/home/oem/Documents/JavaScript-Work-Dir/UI/Webpack_React_Redux/package.json'
4 verbose stack     at Error (native)
5 verbose cwd /home/oem/Documents/JavaScript-Work-Dir/UI/Webpack_React_Redux
6 error Linux 4.6.0-040600rc7-generic
7 error argv "/home/oem/lib/node-v6.9.4-linux-x64/bin/node" "/home/oem/lib/node-v6.9.4-linux-x64/bin/npm" "run" "start"
8 error node v6.9.4
9 error npm  v3.10.10
10 error path /home/oem/Documents/JavaScript-Work-Dir/UI/Webpack_React_Redux/package.json
11 error code ENOENT
12 error errno -2
13 error syscall open
14 error enoent ENOENT: no such file or directory, open '/home/oem/Documents/JavaScript-Work-Dir/UI/Webpack_React_Redux/package.json'
15 error enoent ENOENT: no such file or directory, open '/home/oem/Documents/JavaScript-Work-Dir/UI/Webpack_React_Redux/package.json'
15 error enoent This is most likely not a problem with npm itself
15 error enoent and is related to npm not being able to find a file.
16 verbose exit [ -2, true ]
