0 info it worked if it ends with ok
1 verbose cli [ '/home/oem/lib/node-v6.9.4-linux-x64/bin/node',
1 verbose cli   '/home/oem/lib/node-v6.9.4-linux-x64/bin/npm',
1 verbose cli   'run',
1 verbose cli   'start' ]
2 info using npm@3.10.10
3 info using node@v6.9.4
4 verbose run-script [ 'prestart', 'start', 'poststart' ]
5 info lifecycle react-redux-template@1.0.0~prestart: react-redux-template@1.0.0
6 silly lifecycle react-redux-template@1.0.0~prestart: no script for prestart, continuing
7 info lifecycle react-redux-template@1.0.0~start: react-redux-template@1.0.0
8 verbose lifecycle react-redux-template@1.0.0~start: unsafe-perm in lifecycle true
9 verbose lifecycle react-redux-template@1.0.0~start: PATH: /home/oem/lib/node-v6.9.4-linux-x64/lib/node_modules/npm/bin/node-gyp-bin:/home/oem/Documents/JavaScript-Work-Dir/UI/Webpack_React_Redux/Learn-React-Redux-Boilerplate/node_modules/.bin:/home/oem/lib/node-v6.9.4-linux-x64/bin:/home/oem/bin:/home/oem/.local/bin:/usr/local/sbin:/usr/local/bin:/usr/sbin:/usr/bin:/sbin:/bin:/usr/games:/usr/local/games
10 verbose lifecycle react-redux-template@1.0.0~start: CWD: /home/oem/Documents/JavaScript-Work-Dir/UI/Webpack_React_Redux/Learn-React-Redux-Boilerplate
11 silly lifecycle react-redux-template@1.0.0~start: Args: [ '-c', 'webpack-dev-server --progress --colors --watch' ]
12 silly lifecycle react-redux-template@1.0.0~start: Returned: code: 1  signal: null
13 info lifecycle react-redux-template@1.0.0~start: Failed to exec start script
14 verbose stack Error: react-redux-template@1.0.0 start: `webpack-dev-server --progress --colors --watch`
14 verbose stack Exit status 1
14 verbose stack     at EventEmitter.<anonymous> (/home/oem/lib/node-v6.9.4-linux-x64/lib/node_modules/npm/lib/utils/lifecycle.js:255:16)
14 verbose stack     at emitTwo (events.js:106:13)
14 verbose stack     at EventEmitter.emit (events.js:191:7)
14 verbose stack     at ChildProcess.<anonymous> (/home/oem/lib/node-v6.9.4-linux-x64/lib/node_modules/npm/lib/utils/spawn.js:40:14)
14 verbose stack     at emitTwo (events.js:106:13)
14 verbose stack     at ChildProcess.emit (events.js:191:7)
14 verbose stack     at maybeClose (internal/child_process.js:877:16)
14 verbose stack     at Process.ChildProcess._handle.onexit (internal/child_process.js:226:5)
15 verbose pkgid react-redux-template@1.0.0
16 verbose cwd /home/oem/Documents/JavaScript-Work-Dir/UI/Webpack_React_Redux/Learn-React-Redux-Boilerplate
17 error Linux 4.6.0-040600rc7-generic
18 error argv "/home/oem/lib/node-v6.9.4-linux-x64/bin/node" "/home/oem/lib/node-v6.9.4-linux-x64/bin/npm" "run" "start"
19 error node v6.9.4
20 error npm  v3.10.10
21 error code ELIFECYCLE
22 error react-redux-template@1.0.0 start: `webpack-dev-server --progress --colors --watch`
22 error Exit status 1
23 error Failed at the react-redux-template@1.0.0 start script 'webpack-dev-server --progress --colors --watch'.
23 error Make sure you have the latest version of node.js and npm installed.
23 error If you do, this is most likely a problem with the react-redux-template package,
23 error not with npm itself.
23 error Tell the author that this fails on your system:
23 error     webpack-dev-server --progress --colors --watch
23 error You can get information on how to open an issue for this project with:
23 error     npm bugs react-redux-template
23 error Or if that isn't available, you can get their info via:
23 error     npm owner ls react-redux-template
23 error There is likely additional logging output above.
24 verbose exit [ 1, true ]
